<?xml version="1.0" encoding="UTF-8"?>
<!-- Generated by org.testng.reporters.JUnitReportReporter -->
<testsuite hostname="DESKTOP-61JT6B8" failures="0" tests="2" name="com.crm.qa.testcases.HomePageTest" time="0.828" errors="0" timestamp="28 Feb 2020 01:57:04 GMT" skipped="0">
  <testcase classname="com.crm.qa.testcases.HomePageTest" name="verifyUserName" time="0.112"/>
  <testcase classname="com.crm.qa.testcases.HomePageTest" name="verifyContactsLinkTest" time="0.716"/>
</testsuite> <!-- com.crm.qa.testcases.HomePageTest -->
